2018-05-15 22:20:22.544 [error] <0.155.0> Supervisor 'Elixir.Logger.Supervisor' had child 'Elixir.Logger.ErrorHandler' started with 'Elixir.Logger.Watcher':start_link({error_logger,'Elixir.Logger.ErrorHandler',{true,false,500}}) at <0.160.0> exit with reason normal in context child_terminated
2018-05-15 22:20:22.583 [info] <0.33.0> Application lager started on node nonode@nohost
2018-05-15 22:20:22.590 [info] <0.33.0> Application xmerl started on node nonode@nohost
2018-05-15 22:20:22.592 [info] <0.33.0> Application jsx started on node nonode@nohost
2018-05-15 22:20:22.597 [info] <0.33.0> Application ranch started on node nonode@nohost
2018-05-15 22:20:22.599 [info] <0.33.0> Application ranch_proxy_protocol started on node nonode@nohost
2018-05-15 22:20:22.600 [info] <0.33.0> Application recon started on node nonode@nohost
2018-05-15 22:20:22.600 [info] <0.33.0> Application rabbit_common started on node nonode@nohost
2018-05-15 22:20:22.611 [info] <0.33.0> Application amqp_client started on node nonode@nohost
2018-05-15 22:20:22.611 [info] <0.33.0> Application amqp started on node nonode@nohost
2018-05-15 22:20:22.611 [info] <0.33.0> Application rabbitmq_tutorials started on node nonode@nohost
2018-05-15 22:21:55.534 [error] <0.159.0> Supervisor 'Elixir.Logger.Supervisor' had child 'Elixir.Logger.ErrorHandler' started with 'Elixir.Logger.Watcher':start_link({error_logger,'Elixir.Logger.ErrorHandler',{true,false,500}}) at <0.164.0> exit with reason normal in context child_terminated
2018-05-15 22:21:55.555 [info] <0.33.0> Application lager started on node nonode@nohost
2018-05-15 22:21:55.560 [info] <0.33.0> Application xmerl started on node nonode@nohost
2018-05-15 22:21:55.562 [info] <0.33.0> Application jsx started on node nonode@nohost
2018-05-15 22:21:55.565 [info] <0.33.0> Application ranch started on node nonode@nohost
2018-05-15 22:21:55.567 [info] <0.33.0> Application ranch_proxy_protocol started on node nonode@nohost
2018-05-15 22:21:55.568 [info] <0.33.0> Application recon started on node nonode@nohost
2018-05-15 22:21:55.568 [info] <0.33.0> Application rabbit_common started on node nonode@nohost
2018-05-15 22:21:55.576 [info] <0.33.0> Application amqp_client started on node nonode@nohost
2018-05-15 22:21:55.576 [info] <0.33.0> Application amqp started on node nonode@nohost
2018-05-15 22:21:55.576 [info] <0.33.0> Application rabbitmq_tutorials started on node nonode@nohost
2018-05-15 22:22:22.498 [error] <0.155.0> Supervisor 'Elixir.Logger.Supervisor' had child 'Elixir.Logger.ErrorHandler' started with 'Elixir.Logger.Watcher':start_link({error_logger,'Elixir.Logger.ErrorHandler',{true,false,500}}) at <0.160.0> exit with reason normal in context child_terminated
2018-05-15 22:22:22.516 [info] <0.33.0> Application lager started on node nonode@nohost
2018-05-15 22:22:22.520 [info] <0.33.0> Application xmerl started on node nonode@nohost
2018-05-15 22:22:22.522 [info] <0.33.0> Application jsx started on node nonode@nohost
2018-05-15 22:22:22.526 [info] <0.33.0> Application ranch started on node nonode@nohost
2018-05-15 22:22:22.527 [info] <0.33.0> Application ranch_proxy_protocol started on node nonode@nohost
2018-05-15 22:22:22.528 [info] <0.33.0> Application recon started on node nonode@nohost
2018-05-15 22:22:22.528 [info] <0.33.0> Application rabbit_common started on node nonode@nohost
2018-05-15 22:22:22.533 [info] <0.33.0> Application amqp_client started on node nonode@nohost
2018-05-15 22:22:22.533 [info] <0.33.0> Application amqp started on node nonode@nohost
2018-05-15 22:22:22.533 [info] <0.33.0> Application rabbitmq_tutorials started on node nonode@nohost
2018-05-16 11:35:14.324 [error] <0.155.0> Supervisor 'Elixir.Logger.Supervisor' had child 'Elixir.Logger.ErrorHandler' started with 'Elixir.Logger.Watcher':start_link({error_logger,'Elixir.Logger.ErrorHandler',{true,false,500}}) at <0.160.0> exit with reason normal in context child_terminated
2018-05-16 11:35:14.342 [info] <0.33.0> Application lager started on node nonode@nohost
2018-05-16 11:35:14.346 [info] <0.33.0> Application xmerl started on node nonode@nohost
2018-05-16 11:35:14.347 [info] <0.33.0> Application jsx started on node nonode@nohost
2018-05-16 11:35:14.353 [info] <0.33.0> Application ranch started on node nonode@nohost
2018-05-16 11:35:14.354 [info] <0.33.0> Application ranch_proxy_protocol started on node nonode@nohost
2018-05-16 11:35:14.356 [info] <0.33.0> Application recon started on node nonode@nohost
2018-05-16 11:35:14.356 [info] <0.33.0> Application rabbit_common started on node nonode@nohost
2018-05-16 11:35:14.361 [info] <0.33.0> Application amqp_client started on node nonode@nohost
2018-05-16 11:35:14.361 [info] <0.33.0> Application amqp started on node nonode@nohost
2018-05-16 11:35:14.361 [info] <0.33.0> Application rabbitmq_tutorials started on node nonode@nohost
2018-05-16 11:38:30.203 [error] <0.155.0> Supervisor 'Elixir.Logger.Supervisor' had child 'Elixir.Logger.ErrorHandler' started with 'Elixir.Logger.Watcher':start_link({error_logger,'Elixir.Logger.ErrorHandler',{true,false,500}}) at <0.160.0> exit with reason normal in context child_terminated
2018-05-16 11:38:30.220 [info] <0.33.0> Application lager started on node nonode@nohost
2018-05-16 11:38:30.224 [info] <0.33.0> Application xmerl started on node nonode@nohost
2018-05-16 11:38:30.225 [info] <0.33.0> Application jsx started on node nonode@nohost
2018-05-16 11:38:30.228 [info] <0.33.0> Application ranch started on node nonode@nohost
2018-05-16 11:38:30.229 [info] <0.33.0> Application ranch_proxy_protocol started on node nonode@nohost
2018-05-16 11:38:30.230 [info] <0.33.0> Application recon started on node nonode@nohost
2018-05-16 11:38:30.230 [info] <0.33.0> Application rabbit_common started on node nonode@nohost
2018-05-16 11:38:30.237 [info] <0.33.0> Application amqp_client started on node nonode@nohost
2018-05-16 11:38:30.237 [info] <0.33.0> Application amqp started on node nonode@nohost
2018-05-16 11:38:30.237 [info] <0.33.0> Application rabbitmq_tutorials started on node nonode@nohost
2018-05-16 20:19:48.687 [error] <0.155.0> Supervisor 'Elixir.Logger.Supervisor' had child 'Elixir.Logger.ErrorHandler' started with 'Elixir.Logger.Watcher':start_link({error_logger,'Elixir.Logger.ErrorHandler',{true,false,500}}) at <0.160.0> exit with reason normal in context child_terminated
2018-05-16 20:19:48.705 [info] <0.33.0> Application lager started on node nonode@nohost
2018-05-16 20:19:48.708 [info] <0.33.0> Application xmerl started on node nonode@nohost
2018-05-16 20:19:48.710 [info] <0.33.0> Application jsx started on node nonode@nohost
2018-05-16 20:19:48.714 [info] <0.33.0> Application ranch started on node nonode@nohost
2018-05-16 20:19:48.715 [info] <0.33.0> Application ranch_proxy_protocol started on node nonode@nohost
2018-05-16 20:19:48.716 [info] <0.33.0> Application recon started on node nonode@nohost
2018-05-16 20:19:48.716 [info] <0.33.0> Application rabbit_common started on node nonode@nohost
2018-05-16 20:19:48.722 [info] <0.33.0> Application amqp_client started on node nonode@nohost
2018-05-16 20:19:48.722 [info] <0.33.0> Application amqp started on node nonode@nohost
2018-05-16 20:19:48.722 [info] <0.33.0> Application rabbitmq_tutorials started on node nonode@nohost
2018-05-16 20:21:59.222 [error] <0.155.0> Supervisor 'Elixir.Logger.Supervisor' had child 'Elixir.Logger.ErrorHandler' started with 'Elixir.Logger.Watcher':start_link({error_logger,'Elixir.Logger.ErrorHandler',{true,false,500}}) at <0.160.0> exit with reason normal in context child_terminated
2018-05-16 20:21:59.239 [info] <0.33.0> Application lager started on node nonode@nohost
2018-05-16 20:21:59.241 [info] <0.33.0> Application xmerl started on node nonode@nohost
2018-05-16 20:21:59.243 [info] <0.33.0> Application jsx started on node nonode@nohost
2018-05-16 20:21:59.249 [info] <0.33.0> Application ranch started on node nonode@nohost
2018-05-16 20:21:59.250 [info] <0.33.0> Application ranch_proxy_protocol started on node nonode@nohost
2018-05-16 20:21:59.251 [info] <0.33.0> Application recon started on node nonode@nohost
2018-05-16 20:21:59.251 [info] <0.33.0> Application rabbit_common started on node nonode@nohost
2018-05-16 20:21:59.257 [info] <0.33.0> Application amqp_client started on node nonode@nohost
2018-05-16 20:21:59.257 [info] <0.33.0> Application amqp started on node nonode@nohost
2018-05-16 20:21:59.257 [info] <0.33.0> Application rabbitmq_tutorials started on node nonode@nohost
2018-05-16 20:22:23.318 [error] <0.155.0> Supervisor 'Elixir.Logger.Supervisor' had child 'Elixir.Logger.ErrorHandler' started with 'Elixir.Logger.Watcher':start_link({error_logger,'Elixir.Logger.ErrorHandler',{true,false,500}}) at <0.160.0> exit with reason normal in context child_terminated
2018-05-16 20:22:23.341 [info] <0.33.0> Application lager started on node nonode@nohost
2018-05-16 20:22:23.344 [info] <0.33.0> Application xmerl started on node nonode@nohost
2018-05-16 20:22:23.346 [info] <0.33.0> Application jsx started on node nonode@nohost
2018-05-16 20:22:23.351 [info] <0.33.0> Application ranch started on node nonode@nohost
2018-05-16 20:22:23.353 [info] <0.33.0> Application ranch_proxy_protocol started on node nonode@nohost
2018-05-16 20:22:23.354 [info] <0.33.0> Application recon started on node nonode@nohost
2018-05-16 20:22:23.354 [info] <0.33.0> Application rabbit_common started on node nonode@nohost
2018-05-16 20:22:23.361 [info] <0.33.0> Application amqp_client started on node nonode@nohost
2018-05-16 20:22:23.361 [info] <0.33.0> Application amqp started on node nonode@nohost
2018-05-16 20:22:23.361 [info] <0.33.0> Application rabbitmq_tutorials started on node nonode@nohost
2018-05-16 20:28:03.158 [error] <0.145.0> Supervisor 'Elixir.Logger.Supervisor' had child 'Elixir.Logger.ErrorHandler' started with 'Elixir.Logger.Watcher':start_link({error_logger,'Elixir.Logger.ErrorHandler',{true,false,500}}) at <0.150.0> exit with reason normal in context child_terminated
2018-05-16 20:28:03.176 [info] <0.33.0> Application lager started on node nonode@nohost
2018-05-16 20:28:03.179 [info] <0.33.0> Application xmerl started on node nonode@nohost
2018-05-16 20:28:03.181 [info] <0.33.0> Application jsx started on node nonode@nohost
2018-05-16 20:28:03.187 [info] <0.33.0> Application ranch started on node nonode@nohost
2018-05-16 20:28:03.189 [info] <0.33.0> Application ranch_proxy_protocol started on node nonode@nohost
2018-05-16 20:28:03.190 [info] <0.33.0> Application recon started on node nonode@nohost
2018-05-16 20:28:03.191 [info] <0.33.0> Application rabbit_common started on node nonode@nohost
2018-05-16 20:28:03.196 [info] <0.33.0> Application amqp_client started on node nonode@nohost
2018-05-16 20:28:03.196 [info] <0.33.0> Application amqp started on node nonode@nohost
2018-05-16 20:28:03.196 [info] <0.33.0> Application rabbitmq_tutorials started on node nonode@nohost
2018-05-16 20:28:47.051 [error] <0.145.0> Supervisor 'Elixir.Logger.Supervisor' had child 'Elixir.Logger.ErrorHandler' started with 'Elixir.Logger.Watcher':start_link({error_logger,'Elixir.Logger.ErrorHandler',{true,false,500}}) at <0.150.0> exit with reason normal in context child_terminated
2018-05-16 20:28:47.068 [info] <0.33.0> Application lager started on node nonode@nohost
2018-05-16 20:28:47.071 [info] <0.33.0> Application xmerl started on node nonode@nohost
2018-05-16 20:28:47.073 [info] <0.33.0> Application jsx started on node nonode@nohost
2018-05-16 20:28:47.076 [info] <0.33.0> Application ranch started on node nonode@nohost
2018-05-16 20:28:47.077 [info] <0.33.0> Application ranch_proxy_protocol started on node nonode@nohost
2018-05-16 20:28:47.078 [info] <0.33.0> Application recon started on node nonode@nohost
2018-05-16 20:28:47.078 [info] <0.33.0> Application rabbit_common started on node nonode@nohost
2018-05-16 20:28:47.085 [info] <0.33.0> Application amqp_client started on node nonode@nohost
2018-05-16 20:28:47.085 [info] <0.33.0> Application amqp started on node nonode@nohost
2018-05-16 20:28:47.085 [info] <0.33.0> Application rabbitmq_tutorials started on node nonode@nohost
2018-05-16 20:43:10.171 [error] <0.145.0> Supervisor 'Elixir.Logger.Supervisor' had child 'Elixir.Logger.ErrorHandler' started with 'Elixir.Logger.Watcher':start_link({error_logger,'Elixir.Logger.ErrorHandler',{true,false,500}}) at <0.150.0> exit with reason normal in context child_terminated
2018-05-16 20:43:10.194 [info] <0.33.0> Application lager started on node nonode@nohost
2018-05-16 20:43:10.199 [info] <0.33.0> Application xmerl started on node nonode@nohost
2018-05-16 20:43:10.202 [info] <0.33.0> Application jsx started on node nonode@nohost
2018-05-16 20:43:10.205 [info] <0.33.0> Application ranch started on node nonode@nohost
2018-05-16 20:43:10.206 [info] <0.33.0> Application ranch_proxy_protocol started on node nonode@nohost
2018-05-16 20:43:10.207 [info] <0.33.0> Application recon started on node nonode@nohost
2018-05-16 20:43:10.207 [info] <0.33.0> Application rabbit_common started on node nonode@nohost
2018-05-16 20:43:10.214 [info] <0.33.0> Application amqp_client started on node nonode@nohost
2018-05-16 20:43:10.214 [info] <0.33.0> Application amqp started on node nonode@nohost
2018-05-16 20:43:10.215 [info] <0.33.0> Application rabbitmq_tutorials started on node nonode@nohost
2018-05-16 20:43:29.304 [error] <0.155.0> Supervisor 'Elixir.Logger.Supervisor' had child 'Elixir.Logger.ErrorHandler' started with 'Elixir.Logger.Watcher':start_link({error_logger,'Elixir.Logger.ErrorHandler',{true,false,500}}) at <0.160.0> exit with reason normal in context child_terminated
2018-05-16 20:43:29.322 [info] <0.33.0> Application lager started on node nonode@nohost
2018-05-16 20:43:29.325 [info] <0.33.0> Application xmerl started on node nonode@nohost
2018-05-16 20:43:29.327 [info] <0.33.0> Application jsx started on node nonode@nohost
2018-05-16 20:43:29.335 [info] <0.33.0> Application ranch started on node nonode@nohost
2018-05-16 20:43:29.336 [info] <0.33.0> Application ranch_proxy_protocol started on node nonode@nohost
2018-05-16 20:43:29.337 [info] <0.33.0> Application recon started on node nonode@nohost
2018-05-16 20:43:29.337 [info] <0.33.0> Application rabbit_common started on node nonode@nohost
2018-05-16 20:43:29.342 [info] <0.33.0> Application amqp_client started on node nonode@nohost
2018-05-16 20:43:29.342 [info] <0.33.0> Application amqp started on node nonode@nohost
2018-05-16 20:43:29.342 [info] <0.33.0> Application rabbitmq_tutorials started on node nonode@nohost
2018-05-16 20:46:27.707 [error] <0.145.0> Supervisor 'Elixir.Logger.Supervisor' had child 'Elixir.Logger.ErrorHandler' started with 'Elixir.Logger.Watcher':start_link({error_logger,'Elixir.Logger.ErrorHandler',{true,false,500}}) at <0.150.0> exit with reason normal in context child_terminated
2018-05-16 20:46:27.724 [info] <0.33.0> Application lager started on node nonode@nohost
2018-05-16 20:46:27.727 [info] <0.33.0> Application xmerl started on node nonode@nohost
2018-05-16 20:46:27.729 [info] <0.33.0> Application jsx started on node nonode@nohost
2018-05-16 20:46:27.736 [info] <0.33.0> Application ranch started on node nonode@nohost
2018-05-16 20:46:27.737 [info] <0.33.0> Application ranch_proxy_protocol started on node nonode@nohost
2018-05-16 20:46:27.739 [info] <0.33.0> Application recon started on node nonode@nohost
2018-05-16 20:46:27.739 [info] <0.33.0> Application rabbit_common started on node nonode@nohost
2018-05-16 20:46:27.744 [info] <0.33.0> Application amqp_client started on node nonode@nohost
2018-05-16 20:46:27.744 [info] <0.33.0> Application amqp started on node nonode@nohost
2018-05-16 20:46:27.745 [info] <0.33.0> Application rabbitmq_tutorials started on node nonode@nohost
2018-05-16 20:46:47.098 [error] <0.145.0> Supervisor 'Elixir.Logger.Supervisor' had child 'Elixir.Logger.ErrorHandler' started with 'Elixir.Logger.Watcher':start_link({error_logger,'Elixir.Logger.ErrorHandler',{true,false,500}}) at <0.150.0> exit with reason normal in context child_terminated
2018-05-16 20:46:47.121 [info] <0.33.0> Application lager started on node nonode@nohost
2018-05-16 20:46:47.127 [info] <0.33.0> Application xmerl started on node nonode@nohost
2018-05-16 20:46:47.129 [info] <0.33.0> Application jsx started on node nonode@nohost
2018-05-16 20:46:47.135 [info] <0.33.0> Application ranch started on node nonode@nohost
2018-05-16 20:46:47.138 [info] <0.33.0> Application ranch_proxy_protocol started on node nonode@nohost
2018-05-16 20:46:47.139 [info] <0.33.0> Application recon started on node nonode@nohost
2018-05-16 20:46:47.139 [info] <0.33.0> Application rabbit_common started on node nonode@nohost
2018-05-16 20:46:47.147 [info] <0.33.0> Application amqp_client started on node nonode@nohost
2018-05-16 20:46:47.147 [info] <0.33.0> Application amqp started on node nonode@nohost
2018-05-16 20:46:47.147 [info] <0.33.0> Application rabbitmq_tutorials started on node nonode@nohost
2018-05-16 20:46:52.937 [error] <0.155.0> Supervisor 'Elixir.Logger.Supervisor' had child 'Elixir.Logger.ErrorHandler' started with 'Elixir.Logger.Watcher':start_link({error_logger,'Elixir.Logger.ErrorHandler',{true,false,500}}) at <0.160.0> exit with reason normal in context child_terminated
2018-05-16 20:46:52.960 [info] <0.33.0> Application lager started on node nonode@nohost
2018-05-16 20:46:52.965 [info] <0.33.0> Application xmerl started on node nonode@nohost
2018-05-16 20:46:52.969 [info] <0.33.0> Application jsx started on node nonode@nohost
2018-05-16 20:46:52.974 [info] <0.33.0> Application ranch started on node nonode@nohost
2018-05-16 20:46:52.975 [info] <0.33.0> Application ranch_proxy_protocol started on node nonode@nohost
2018-05-16 20:46:52.976 [info] <0.33.0> Application recon started on node nonode@nohost
2018-05-16 20:46:52.976 [info] <0.33.0> Application rabbit_common started on node nonode@nohost
2018-05-16 20:46:52.982 [info] <0.33.0> Application amqp_client started on node nonode@nohost
2018-05-16 20:46:52.982 [info] <0.33.0> Application amqp started on node nonode@nohost
2018-05-16 20:46:52.982 [info] <0.33.0> Application rabbitmq_tutorials started on node nonode@nohost
2018-05-16 20:52:52.424 [error] <0.145.0> Supervisor 'Elixir.Logger.Supervisor' had child 'Elixir.Logger.ErrorHandler' started with 'Elixir.Logger.Watcher':start_link({error_logger,'Elixir.Logger.ErrorHandler',{true,false,500}}) at <0.150.0> exit with reason normal in context child_terminated
2018-05-16 20:52:52.448 [info] <0.33.0> Application lager started on node nonode@nohost
2018-05-16 20:52:52.450 [info] <0.33.0> Application xmerl started on node nonode@nohost
2018-05-16 20:52:52.452 [info] <0.33.0> Application jsx started on node nonode@nohost
2018-05-16 20:52:52.456 [info] <0.33.0> Application ranch started on node nonode@nohost
2018-05-16 20:52:52.457 [info] <0.33.0> Application ranch_proxy_protocol started on node nonode@nohost
2018-05-16 20:52:52.458 [info] <0.33.0> Application recon started on node nonode@nohost
2018-05-16 20:52:52.458 [info] <0.33.0> Application rabbit_common started on node nonode@nohost
2018-05-16 20:52:52.465 [info] <0.33.0> Application amqp_client started on node nonode@nohost
2018-05-16 20:52:52.465 [info] <0.33.0> Application amqp started on node nonode@nohost
2018-05-16 20:52:52.465 [info] <0.33.0> Application rabbitmq_tutorials started on node nonode@nohost
2018-05-16 20:53:00.515 [error] <0.145.0> Supervisor 'Elixir.Logger.Supervisor' had child 'Elixir.Logger.ErrorHandler' started with 'Elixir.Logger.Watcher':start_link({error_logger,'Elixir.Logger.ErrorHandler',{true,false,500}}) at <0.150.0> exit with reason normal in context child_terminated
2018-05-16 20:53:00.530 [info] <0.33.0> Application lager started on node nonode@nohost
2018-05-16 20:53:00.533 [info] <0.33.0> Application xmerl started on node nonode@nohost
2018-05-16 20:53:00.535 [info] <0.33.0> Application jsx started on node nonode@nohost
2018-05-16 20:53:00.538 [info] <0.33.0> Application ranch started on node nonode@nohost
2018-05-16 20:53:00.539 [info] <0.33.0> Application ranch_proxy_protocol started on node nonode@nohost
2018-05-16 20:53:00.539 [info] <0.33.0> Application recon started on node nonode@nohost
2018-05-16 20:53:00.540 [info] <0.33.0> Application rabbit_common started on node nonode@nohost
2018-05-16 20:53:00.544 [info] <0.33.0> Application amqp_client started on node nonode@nohost
2018-05-16 20:53:00.544 [info] <0.33.0> Application amqp started on node nonode@nohost
2018-05-16 20:53:00.544 [info] <0.33.0> Application rabbitmq_tutorials started on node nonode@nohost
2018-05-16 20:53:10.374 [error] <0.155.0> Supervisor 'Elixir.Logger.Supervisor' had child 'Elixir.Logger.ErrorHandler' started with 'Elixir.Logger.Watcher':start_link({error_logger,'Elixir.Logger.ErrorHandler',{true,false,500}}) at <0.160.0> exit with reason normal in context child_terminated
2018-05-16 20:53:10.396 [info] <0.33.0> Application lager started on node nonode@nohost
2018-05-16 20:53:10.399 [info] <0.33.0> Application xmerl started on node nonode@nohost
2018-05-16 20:53:10.401 [info] <0.33.0> Application jsx started on node nonode@nohost
2018-05-16 20:53:10.404 [info] <0.33.0> Application ranch started on node nonode@nohost
2018-05-16 20:53:10.405 [info] <0.33.0> Application ranch_proxy_protocol started on node nonode@nohost
2018-05-16 20:53:10.406 [info] <0.33.0> Application recon started on node nonode@nohost
2018-05-16 20:53:10.406 [info] <0.33.0> Application rabbit_common started on node nonode@nohost
2018-05-16 20:53:10.410 [info] <0.33.0> Application amqp_client started on node nonode@nohost
2018-05-16 20:53:10.410 [info] <0.33.0> Application amqp started on node nonode@nohost
2018-05-16 20:53:10.410 [info] <0.33.0> Application rabbitmq_tutorials started on node nonode@nohost
2018-05-16 20:55:00.658 [error] <0.210.0> gen_server <0.210.0> terminated with reason: {socket_error,timeout}
2018-05-16 20:55:00.658 [error] <0.210.0> CRASH REPORT Process <0.210.0> with 0 neighbours exited with reason: {socket_error,timeout} in gen_server:handle_common_reply/8 line 726
2018-05-16 20:55:00.665 [error] <0.204.0> gen_server <0.204.0> terminated with reason: {socket_error,timeout}
2018-05-16 20:55:00.665 [error] <0.204.0> CRASH REPORT Process <0.204.0> with 0 neighbours exited with reason: {socket_error,timeout} in gen_server:handle_common_reply/8 line 726
2018-05-16 20:55:00.665 [error] <0.202.0> Supervisor {<0.202.0>,amqp_connection_sup} had child connection started with amqp_gen_connection:start_link(<0.203.0>, {amqp_params_network,<<"guest">>,<<"guest">>,<<"/">>,"localhost",5672,0,0,0,infinity,none,[#Fun<amq..>,...],...}) at <0.204.0> exit with reason {socket_error,timeout} in context child_terminated
2018-05-16 20:55:00.665 [error] <0.202.0> Supervisor {<0.202.0>,amqp_connection_sup} had child connection started with amqp_gen_connection:start_link(<0.203.0>, {amqp_params_network,<<"guest">>,<<"guest">>,<<"/">>,"localhost",5672,0,0,0,infinity,none,[#Fun<amq..>,...],...}) at <0.204.0> exit with reason reached_max_restart_intensity in context shutdown
2018-05-16 20:55:00.666 [error] <0.203.0> Supervisor {<0.203.0>,amqp_connection_type_sup} had child main_reader started with amqp_main_reader:start_link(#Port<0.5600>, <0.204.0>, <0.208.0>, {method,rabbit_framing_amqp_0_9_1}, <<"client 127.0.0.1:40295 -> 127.0.0.1:5672">>) at <0.210.0> exit with reason {socket_error,timeout} in context child_terminated
2018-05-16 20:55:00.666 [error] <0.203.0> Supervisor {<0.203.0>,amqp_connection_type_sup} had child main_reader started with amqp_main_reader:start_link(#Port<0.5600>, <0.204.0>, <0.208.0>, {method,rabbit_framing_amqp_0_9_1}, <<"client 127.0.0.1:40295 -> 127.0.0.1:5672">>) at <0.210.0> exit with reason reached_max_restart_intensity in context shutdown
