2018-05-15 22:20:22 =SUPERVISOR REPORT====
     Supervisor: {local,'Elixir.Logger.Supervisor'}
     Context:    child_terminated
     Reason:     normal
     Offender:   [{pid,<0.160.0>},{id,'Elixir.Logger.ErrorHandler'},{mfargs,{'Elixir.Logger.Watcher',start_link,[{error_logger,'Elixir.Logger.ErrorHandler',{true,false,500}}]}},{restart_type,permanent},{shutdown,5000},{child_type,worker}]

2018-05-15 22:21:55 =SUPERVISOR REPORT====
     Supervisor: {local,'Elixir.Logger.Supervisor'}
     Context:    child_terminated
     Reason:     normal
     Offender:   [{pid,<0.164.0>},{id,'Elixir.Logger.ErrorHandler'},{mfargs,{'Elixir.Logger.Watcher',start_link,[{error_logger,'Elixir.Logger.ErrorHandler',{true,false,500}}]}},{restart_type,permanent},{shutdown,5000},{child_type,worker}]

2018-05-15 22:22:22 =SUPERVISOR REPORT====
     Supervisor: {local,'Elixir.Logger.Supervisor'}
     Context:    child_terminated
     Reason:     normal
     Offender:   [{pid,<0.160.0>},{id,'Elixir.Logger.ErrorHandler'},{mfargs,{'Elixir.Logger.Watcher',start_link,[{error_logger,'Elixir.Logger.ErrorHandler',{true,false,500}}]}},{restart_type,permanent},{shutdown,5000},{child_type,worker}]

2018-05-16 11:35:14 =SUPERVISOR REPORT====
     Supervisor: {local,'Elixir.Logger.Supervisor'}
     Context:    child_terminated
     Reason:     normal
     Offender:   [{pid,<0.160.0>},{id,'Elixir.Logger.ErrorHandler'},{mfargs,{'Elixir.Logger.Watcher',start_link,[{error_logger,'Elixir.Logger.ErrorHandler',{true,false,500}}]}},{restart_type,permanent},{shutdown,5000},{child_type,worker}]

2018-05-16 11:38:30 =SUPERVISOR REPORT====
     Supervisor: {local,'Elixir.Logger.Supervisor'}
     Context:    child_terminated
     Reason:     normal
     Offender:   [{pid,<0.160.0>},{id,'Elixir.Logger.ErrorHandler'},{mfargs,{'Elixir.Logger.Watcher',start_link,[{error_logger,'Elixir.Logger.ErrorHandler',{true,false,500}}]}},{restart_type,permanent},{shutdown,5000},{child_type,worker}]

2018-05-16 20:19:48 =SUPERVISOR REPORT====
     Supervisor: {local,'Elixir.Logger.Supervisor'}
     Context:    child_terminated
     Reason:     normal
     Offender:   [{pid,<0.160.0>},{id,'Elixir.Logger.ErrorHandler'},{mfargs,{'Elixir.Logger.Watcher',start_link,[{error_logger,'Elixir.Logger.ErrorHandler',{true,false,500}}]}},{restart_type,permanent},{shutdown,5000},{child_type,worker}]

2018-05-16 20:21:59 =SUPERVISOR REPORT====
     Supervisor: {local,'Elixir.Logger.Supervisor'}
     Context:    child_terminated
     Reason:     normal
     Offender:   [{pid,<0.160.0>},{id,'Elixir.Logger.ErrorHandler'},{mfargs,{'Elixir.Logger.Watcher',start_link,[{error_logger,'Elixir.Logger.ErrorHandler',{true,false,500}}]}},{restart_type,permanent},{shutdown,5000},{child_type,worker}]

2018-05-16 20:22:23 =SUPERVISOR REPORT====
     Supervisor: {local,'Elixir.Logger.Supervisor'}
     Context:    child_terminated
     Reason:     normal
     Offender:   [{pid,<0.160.0>},{id,'Elixir.Logger.ErrorHandler'},{mfargs,{'Elixir.Logger.Watcher',start_link,[{error_logger,'Elixir.Logger.ErrorHandler',{true,false,500}}]}},{restart_type,permanent},{shutdown,5000},{child_type,worker}]

2018-05-16 20:28:03 =SUPERVISOR REPORT====
     Supervisor: {local,'Elixir.Logger.Supervisor'}
     Context:    child_terminated
     Reason:     normal
     Offender:   [{pid,<0.150.0>},{id,'Elixir.Logger.ErrorHandler'},{mfargs,{'Elixir.Logger.Watcher',start_link,[{error_logger,'Elixir.Logger.ErrorHandler',{true,false,500}}]}},{restart_type,permanent},{shutdown,5000},{child_type,worker}]

2018-05-16 20:28:47 =SUPERVISOR REPORT====
     Supervisor: {local,'Elixir.Logger.Supervisor'}
     Context:    child_terminated
     Reason:     normal
     Offender:   [{pid,<0.150.0>},{id,'Elixir.Logger.ErrorHandler'},{mfargs,{'Elixir.Logger.Watcher',start_link,[{error_logger,'Elixir.Logger.ErrorHandler',{true,false,500}}]}},{restart_type,permanent},{shutdown,5000},{child_type,worker}]

2018-05-16 20:43:10 =SUPERVISOR REPORT====
     Supervisor: {local,'Elixir.Logger.Supervisor'}
     Context:    child_terminated
     Reason:     normal
     Offender:   [{pid,<0.150.0>},{id,'Elixir.Logger.ErrorHandler'},{mfargs,{'Elixir.Logger.Watcher',start_link,[{error_logger,'Elixir.Logger.ErrorHandler',{true,false,500}}]}},{restart_type,permanent},{shutdown,5000},{child_type,worker}]

2018-05-16 20:43:29 =SUPERVISOR REPORT====
     Supervisor: {local,'Elixir.Logger.Supervisor'}
     Context:    child_terminated
     Reason:     normal
     Offender:   [{pid,<0.160.0>},{id,'Elixir.Logger.ErrorHandler'},{mfargs,{'Elixir.Logger.Watcher',start_link,[{error_logger,'Elixir.Logger.ErrorHandler',{true,false,500}}]}},{restart_type,permanent},{shutdown,5000},{child_type,worker}]

2018-05-16 20:46:27 =SUPERVISOR REPORT====
     Supervisor: {local,'Elixir.Logger.Supervisor'}
     Context:    child_terminated
     Reason:     normal
     Offender:   [{pid,<0.150.0>},{id,'Elixir.Logger.ErrorHandler'},{mfargs,{'Elixir.Logger.Watcher',start_link,[{error_logger,'Elixir.Logger.ErrorHandler',{true,false,500}}]}},{restart_type,permanent},{shutdown,5000},{child_type,worker}]

2018-05-16 20:46:47 =SUPERVISOR REPORT====
     Supervisor: {local,'Elixir.Logger.Supervisor'}
     Context:    child_terminated
     Reason:     normal
     Offender:   [{pid,<0.150.0>},{id,'Elixir.Logger.ErrorHandler'},{mfargs,{'Elixir.Logger.Watcher',start_link,[{error_logger,'Elixir.Logger.ErrorHandler',{true,false,500}}]}},{restart_type,permanent},{shutdown,5000},{child_type,worker}]

2018-05-16 20:46:52 =SUPERVISOR REPORT====
     Supervisor: {local,'Elixir.Logger.Supervisor'}
     Context:    child_terminated
     Reason:     normal
     Offender:   [{pid,<0.160.0>},{id,'Elixir.Logger.ErrorHandler'},{mfargs,{'Elixir.Logger.Watcher',start_link,[{error_logger,'Elixir.Logger.ErrorHandler',{true,false,500}}]}},{restart_type,permanent},{shutdown,5000},{child_type,worker}]

2018-05-16 20:52:52 =SUPERVISOR REPORT====
     Supervisor: {local,'Elixir.Logger.Supervisor'}
     Context:    child_terminated
     Reason:     normal
     Offender:   [{pid,<0.150.0>},{id,'Elixir.Logger.ErrorHandler'},{mfargs,{'Elixir.Logger.Watcher',start_link,[{error_logger,'Elixir.Logger.ErrorHandler',{true,false,500}}]}},{restart_type,permanent},{shutdown,5000},{child_type,worker}]

2018-05-16 20:53:00 =SUPERVISOR REPORT====
     Supervisor: {local,'Elixir.Logger.Supervisor'}
     Context:    child_terminated
     Reason:     normal
     Offender:   [{pid,<0.150.0>},{id,'Elixir.Logger.ErrorHandler'},{mfargs,{'Elixir.Logger.Watcher',start_link,[{error_logger,'Elixir.Logger.ErrorHandler',{true,false,500}}]}},{restart_type,permanent},{shutdown,5000},{child_type,worker}]

2018-05-16 20:53:10 =SUPERVISOR REPORT====
     Supervisor: {local,'Elixir.Logger.Supervisor'}
     Context:    child_terminated
     Reason:     normal
     Offender:   [{pid,<0.160.0>},{id,'Elixir.Logger.ErrorHandler'},{mfargs,{'Elixir.Logger.Watcher',start_link,[{error_logger,'Elixir.Logger.ErrorHandler',{true,false,500}}]}},{restart_type,permanent},{shutdown,5000},{child_type,worker}]

2018-05-16 20:55:00 =ERROR REPORT====
** Generic server <0.210.0> terminating 
** Last message in was {inet_async,#Port<0.5600>,10,{error,timeout}}
** When Server state == {state,#Port<0.5600>,<0.204.0>,<0.208.0>,{method,rabbit_framing_amqp_0_9_1},{expecting_header,<<>>}}
** Reason for termination == 
** {socket_error,timeout}
2018-05-16 20:55:00 =CRASH REPORT====
  crasher:
    initial call: amqp_main_reader:init/1
    pid: <0.210.0>
    registered_name: []
    exception exit: {{socket_error,timeout},[{gen_server,handle_common_reply,8,[{file,"gen_server.erl"},{line,726}]},{proc_lib,init_p_do_apply,3,[{file,"proc_lib.erl"},{line,247}]}]}
    ancestors: [<0.203.0>,<0.202.0>,amqp_sup,<0.194.0>]
    message_queue_len: 0
    messages: []
    links: [<0.203.0>]
    dictionary: [{gen_server_call_timeout,60000},{process_name,{amqp_main_reader,<<"client 127.0.0.1:40295 -> 127.0.0.1:5672">>}}]
    trap_exit: false
    status: running
    heap_size: 610
    stack_size: 27
    reductions: 1254
  neighbours:
2018-05-16 20:55:00 =ERROR REPORT====
** Generic server <0.204.0> terminating 
** Last message in was {socket_error,timeout}
** When Server state == {state,amqp_network_connection,{state,#Port<0.5600>,<<"client 127.0.0.1:40295 -> 127.0.0.1:5672">>,60,<0.209.0>,131072,<0.203.0>,undefined,false},<0.208.0>,{amqp_params_network,<<"guest">>,<<"guest">>,<<"/">>,"localhost",5672,0,0,0,infinity,none,[#Fun<amqp_auth_mechanisms.plain.3>,#Fun<amqp_auth_mechanisms.amqplain.3>],[],[]},0,[{<<"capabilities">>,table,[{<<"publisher_confirms">>,bool,true},{<<"exchange_exchange_bindings">>,bool,true},{<<"basic.nack">>,bool,true},{<<"consumer_cancel_notify">>,bool,true},{<<"connection.blocked">>,bool,true},{<<"consumer_priorities">>,bool,true},{<<"authentication_failure_close">>,bool,true},{<<"per_consumer_qos">>,bool,true},{<<"direct_reply_to">>,bool,true}]},{<<"cluster_name">>,longstr,<<"rabbit@john-lappy">>},{<<"copyright">>,longstr,<<"Copyright (C) 2007-2017 Pivotal Software, Inc.">>},{<<"information">>,longstr,<<"Licensed under the MPL.  See http://www.rabbitmq.com/">>},{<<"platform">>,longstr,<<"Erlang/OTP">>},{<<"product">>,longstr,<<"RabbitMQ">>},{<<"version">>,longstr,<<"3.6.10">>}],none,false}
** Reason for termination == 
** {socket_error,timeout}
2018-05-16 20:55:00 =CRASH REPORT====
  crasher:
    initial call: amqp_gen_connection:init/1
    pid: <0.204.0>
    registered_name: []
    exception exit: {{socket_error,timeout},[{gen_server,handle_common_reply,8,[{file,"gen_server.erl"},{line,726}]},{proc_lib,init_p_do_apply,3,[{file,"proc_lib.erl"},{line,247}]}]}
    ancestors: [<0.202.0>,amqp_sup,<0.194.0>]
    message_queue_len: 0
    messages: []
    links: [<0.202.0>,#Port<0.5600>]
    dictionary: [{gen_server_call_timeout,60000},{process_name,{amqp_gen_connection,<<"client 127.0.0.1:40295 -> 127.0.0.1:5672">>}}]
    trap_exit: true
    status: running
    heap_size: 987
    stack_size: 27
    reductions: 2027
  neighbours:
2018-05-16 20:55:00 =SUPERVISOR REPORT====
     Supervisor: {<0.202.0>,amqp_connection_sup}
     Context:    child_terminated
     Reason:     {socket_error,timeout}
     Offender:   [{pid,<0.204.0>},{name,connection},{mfargs,{amqp_gen_connection,start_link,[<0.203.0>,{amqp_params_network,<<"guest">>,<<"guest">>,<<"/">>,"localhost",5672,0,0,0,infinity,none,[#Fun<amqp_auth_mechanisms.plain.3>,#Fun<amqp_auth_mechanisms.amqplain.3>],[],[]}]}},{restart_type,intrinsic},{shutdown,brutal_kill},{child_type,worker}]

2018-05-16 20:55:00 =SUPERVISOR REPORT====
     Supervisor: {<0.202.0>,amqp_connection_sup}
     Context:    shutdown
     Reason:     reached_max_restart_intensity
     Offender:   [{pid,<0.204.0>},{name,connection},{mfargs,{amqp_gen_connection,start_link,[<0.203.0>,{amqp_params_network,<<"guest">>,<<"guest">>,<<"/">>,"localhost",5672,0,0,0,infinity,none,[#Fun<amqp_auth_mechanisms.plain.3>,#Fun<amqp_auth_mechanisms.amqplain.3>],[],[]}]}},{restart_type,intrinsic},{shutdown,brutal_kill},{child_type,worker}]

2018-05-16 20:55:00 =SUPERVISOR REPORT====
     Supervisor: {<0.203.0>,amqp_connection_type_sup}
     Context:    child_terminated
     Reason:     {socket_error,timeout}
     Offender:   [{pid,<0.210.0>},{name,main_reader},{mfargs,{amqp_main_reader,start_link,[#Port<0.5600>,<0.204.0>,<0.208.0>,{method,rabbit_framing_amqp_0_9_1},<<"client 127.0.0.1:40295 -> 127.0.0.1:5672">>]}},{restart_type,transient},{shutdown,30000},{child_type,worker}]

2018-05-16 20:55:00 =SUPERVISOR REPORT====
     Supervisor: {<0.203.0>,amqp_connection_type_sup}
     Context:    shutdown
     Reason:     reached_max_restart_intensity
     Offender:   [{pid,<0.210.0>},{name,main_reader},{mfargs,{amqp_main_reader,start_link,[#Port<0.5600>,<0.204.0>,<0.208.0>,{method,rabbit_framing_amqp_0_9_1},<<"client 127.0.0.1:40295 -> 127.0.0.1:5672">>]}},{restart_type,transient},{shutdown,30000},{child_type,worker}]

